<?xml version="1.0" encoding="UTF-8"?>
<testng-results skipped="0" failed="0" ignored="0" total="2" passed="2">
  <reporter-output>
  </reporter-output>
  <suite name="Suite" duration-ms="10" started-at="2018-07-19T21:43:36Z" finished-at="2018-07-19T21:43:36Z">
    <groups>
    </groups>
    <test name="Test" duration-ms="10" started-at="2018-07-19T21:43:36Z" finished-at="2018-07-19T21:43:36Z">
      <class name="qaclickacademy.SeleniumTest">
        <test-method status="PASS" signature="BrowserAutomation()[pri:0, instance:qaclickacademy.SeleniumTest@3dd3bcd]" name="BrowserAutomation" duration-ms="0" started-at="2018-07-19T21:43:36Z" finished-at="2018-07-19T21:43:36Z">
          <reporter-output>
          </reporter-output>
        </test-method> <!-- BrowserAutomation -->
        <test-method status="PASS" signature="elementsUI()[pri:0, instance:qaclickacademy.SeleniumTest@3dd3bcd]" name="elementsUI" duration-ms="0" started-at="2018-07-19T21:43:36Z" finished-at="2018-07-19T21:43:36Z">
          <reporter-output>
          </reporter-output>
        </test-method> <!-- elementsUI -->
      </class> <!-- qaclickacademy.SeleniumTest -->
    </test> <!-- Test -->
  </suite> <!-- Suite -->
</testng-results>
